<?xml version="1.0" encoding="UTF-8"?>
<!-- Generated by org.testng.reporters.JUnitReportReporter -->
<testsuite hostname="HP-WYLDC" failures="0" tests="4" name="com.android.swagtest.InventoryTest" time="45.200" errors="0" timestamp="2025-08-11T12:57:44 WIB" skipped="3">
  <testcase classname="com.android.swagtest.InventoryTest" name="TC0010" time="45.200"/>
  <testcase classname="com.android.swagtest.InventoryTest" name="TC0007">
    <skipped/>
  </testcase> <!-- TC0007 -->
  <testcase classname="com.android.swagtest.InventoryTest" name="TC0008">
    <skipped/>
  </testcase> <!-- TC0008 -->
  <testcase classname="com.android.swagtest.InventoryTest" name="TC0009">
    <skipped/>
  </testcase> <!-- TC0009 -->
</testsuite> <!-- com.android.swagtest.InventoryTest -->
